app/src/main/lib/sweetblue/samples/simple_ota/android_studio/app/build/intermediates/proguard-rules/release/aapt_rules.txt
# view AndroidManifest.xml #generated:26
-keep class com.idevicesinc.sweetblue.simple_ota.MyActivity { <init>(...); }