app/src/main/lib/sweetblue/samples/simple_ota/android_studio/app/build/outputs/mapping/release/seeds.txt
com.idevicesinc.sweetblue.simple_ota.MyActivity
com.idevicesinc.sweetblue.simple_ota.MyActivity: MyActivity()
com.idevicesinc.sweetblue.simple_ota.R$dimen: int activity_horizontal_margin
com.idevicesinc.sweetblue.simple_ota.R$dimen: int activity_vertical_margin
com.idevicesinc.sweetblue.simple_ota.R$drawable: int ic_launcher
com.idevicesinc.sweetblue.simple_ota.R$id: int action_settings
com.idevicesinc.sweetblue.simple_ota.R$menu: int my
com.idevicesinc.sweetblue.simple_ota.R$string: int action_settings
com.idevicesinc.sweetblue.simple_ota.R$string: int app_name
com.idevicesinc.sweetblue.simple_ota.R$string: int hello_world
com.idevicesinc.sweetblue.simple_ota.R$style: int AppBaseTheme
com.idevicesinc.sweetblue.simple_ota.R$style: int AppTheme
...
com.idevicesinc.sweetblue.BleScanApi: com.idevicesinc.sweetblue.BleScanApi[] values()
com.idevicesinc.sweetblue.BleScanApi: com.idevicesinc.sweetblue.BleScanApi valueOf(java.lang.String)
com.idevicesinc.sweetblue.BleScanMode: com.idevicesinc.sweetblue.BleScanMode[] values()
com.idevicesinc.sweetblue.BleScanMode: com.idevicesinc.sweetblue.BleScanMode valueOf(java.lang.String)
com.idevicesinc.sweetblue.BleScanPower: com.idevicesinc.sweetblue.BleScanPower[] values()
com.idevicesinc.sweetblue.BleScanPower: com.idevicesinc.sweetblue.BleScanPower valueOf(java.lang.String)
com.idevicesinc.sweetblue.BleServer$AdvertisingListener$Status: com.idevicesinc.sweetblue.BleServer$AdvertisingListener$Status[] values()
com.idevicesinc.sweetblue.BleServer$AdvertisingListener$Status: com.idevicesinc.sweetblue.BleServer$AdvertisingListener$Status valueOf(java.lang.String)
com.idevicesinc.sweetblue.BleServer$ConnectionFailListener$Status: com.idevicesinc.sweetblue.BleServer$ConnectionFailListener$Status[] values()
com.idevicesinc.sweetblue.BleServer$ConnectionFailListener$Status: com.idevicesinc.sweetblue.BleServer$ConnectionFailListener$Status valueOf(java.lang.String)
com.idevicesinc.sweetblue.BleServer$ExchangeListener$Target: com.idevicesinc.sweetblue.BleServer$ExchangeListener$Target[] values()
com.idevicesinc.sweetblue.BleServer$ExchangeListener$Target: com.idevicesinc.sweetblue.BleServer$ExchangeListener$Target valueOf(java.lang.String)
com.idevicesinc.sweetblue.BleServer$ExchangeListener$Type: com.idevicesinc.sweetblue.BleServer$ExchangeListener$Type[] values()
com.idevicesinc.sweetblue.BleServer$ExchangeListener$Type: com.idevicesinc.sweetblue.BleServer$ExchangeListener$Type valueOf(java.lang.String)
com.idevicesinc.sweetblue.BleServer$OutgoingListener$Status: com.idevicesinc.sweetblue.BleServer$OutgoingListener$Status[] values()
com.idevicesinc.sweetblue.BleServer$OutgoingListener$Status: com.idevicesinc.sweetblue.BleServer$OutgoingListener$Status valueOf(java.lang.String)
com.idevicesinc.sweetblue.BleServer$ServiceAddListener$Status: com.idevicesinc.sweetblue.BleServer$ServiceAddListener$Status[] values()
com.idevicesinc.sweetblue.BleServer$ServiceAddListener$Status: com.idevicesinc.sweetblue.BleServer$ServiceAddListener$Status valueOf(java.lang.String)
com.idevicesinc.sweetblue.BleServerState: com.idevicesinc.sweetblue.BleServerState[] values()
com.idevicesinc.sweetblue.BleServerState: com.idevicesinc.sweetblue.BleServerState valueOf(java.lang.String)
com.idevicesinc.sweetblue.BleTask: com.idevicesinc.sweetblue.BleTask[] values()
com.idevicesinc.sweetblue.BleTask: com.idevicesinc.sweetblue.BleTask valueOf(java.lang.String)
com.idevicesinc.sweetblue.BleTransaction$EndReason: com.idevicesinc.sweetblue.BleTransaction$EndReason[] values()
com.idevicesinc.sweetblue.BleTransaction$EndReason: com.idevicesinc.sweetblue.BleTransaction$EndReason valueOf(java.lang.String)
com.idevicesinc.sweetblue.BleWriteTransaction$FailListener$Please$Action: com.idevicesinc.sweetblue.BleWriteTransaction$FailListener$Please$Action[] values()
com.idevicesinc.sweetblue.BleWriteTransaction$FailListener$Please$Action: com.idevicesinc.sweetblue.BleWriteTransaction$FailListener$Please$Action valueOf(java.lang.String)
com.idevicesinc.sweetblue.NotificationListener$Status: com.idevicesinc.sweetblue.NotificationListener$Status[] values()
com.idevicesinc.sweetblue.NotificationListener$Status: com.idevicesinc.sweetblue.NotificationListener$Status valueOf(java.lang.String)
com.idevicesinc.sweetblue.NotificationListener$Type: com.idevicesinc.sweetblue.NotificationListener$Type[] values()
com.idevicesinc.sweetblue.NotificationListener$Type: com.idevicesinc.sweetblue.NotificationListener$Type valueOf(java.lang.String)
com.idevicesinc.sweetblue.PA_StateTracker$E_Intent: com.idevicesinc.sweetblue.PA_StateTracker$E_Intent[] values()
com.idevicesinc.sweetblue.PA_StateTracker$E_Intent: com.idevicesinc.sweetblue.PA_StateTracker$E_Intent valueOf(java.lang.String)