app/src/main/lib/sweetblue/samples/simple_ota/android_studio/app/build/outputs/mapping/release/mapping.txt
com.idevicesinc.sweetblue.simple_ota.MyActivity -> com.idevicesinc.sweetblue.simple_ota.MyActivity:
    java.util.UUID MY_UUID -> a
    byte[] MY_DATA -> b
    com.idevicesinc.sweetblue.BleManager m_bleManager -> c
    void <init>() -> <init>
    void onCreate(android.os.Bundle) -> onCreate
    void onResume() -> onResume
    void onPause() -> onPause
    java.util.UUID access$200() -> a
    com.idevicesinc.sweetblue.BleManager access$300(com.idevicesinc.sweetblue.simple_ota.MyActivity) -> a
    byte[] access$400() -> b
    void <clinit>() -> <clinit>
com.idevicesinc.sweetblue.simple_ota.MyActivity$1 -> com.idevicesinc.sweetblue.simple_ota.MyActivity$1:
    com.idevicesinc.sweetblue.simple_ota.MyActivity this$0 -> a
    void <init>(com.idevicesinc.sweetblue.simple_ota.MyActivity) -> <init>
    void onEvent(com.idevicesinc.sweetblue.BleManager$DiscoveryListener$DiscoveryEvent) -> a
    void onEvent(com.idevicesinc.sweetblue.utils.Event) -> a
com.idevicesinc.sweetblue.simple_ota.MyActivity$1$1 -> com.idevicesinc.sweetblue.simple_ota.MyActivity$1$1:
    com.idevicesinc.sweetblue.simple_ota.MyActivity$1 this$1 -> a
    void <init>(com.idevicesinc.sweetblue.simple_ota.MyActivity$1) -> <init>
    void onEvent(com.idevicesinc.sweetblue.BleDevice$StateListener$StateEvent) -> a
com.idevicesinc.sweetblue.simple_ota.MyActivity$MyOtaTransaction -> com.idevicesinc.sweetblue.simple_ota.MyActivity$a:
    java.util.List m_dataQueue -> a
    int m_currentIndex -> b
    com.idevicesinc.sweetblue.BleDevice$ReadWriteListener m_readWriteListener -> c
    void <init>(java.util.List) -> <init>
    void start(com.idevicesinc.sweetblue.BleDevice) -> a
    void doNextWrite() -> h
    void access$000(com.idevicesinc.sweetblue.simple_ota.MyActivity$MyOtaTransaction) -> a
    boolean access$100(com.idevicesinc.sweetblue.simple_ota.MyActivity$MyOtaTransaction) -> b
com.idevicesinc.sweetblue.simple_ota.MyActivity$MyOtaTransaction$1 -> com.idevicesinc.sweetblue.simple_ota.MyActivity$a$1:
    com.idevicesinc.sweetblue.simple_ota.MyActivity$MyOtaTransaction this$0 -> a
    void <init>(com.idevicesinc.sweetblue.simple_ota.MyActivity$MyOtaTransaction) -> <init>
    void onEvent(com.idevicesinc.sweetblue.BleDevice$ReadWriteListener$ReadWriteEvent) -> a
    void onEvent(com.idevicesinc.sweetblue.utils.Event) -> a
...
com.idevicesinc.sweetblue.BleNodeConfig$ReconnectFilter$ReconnectEvent -> com.idevicesinc.sweetblue.l$g$b:
    com.idevicesinc.sweetblue.BleNode m_node -> a
    java.lang.String m_macAddress -> b
    int m_failureCount -> c
    com.idevicesinc.sweetblue.utils.Interval m_totalTimeReconnecting -> d
    com.idevicesinc.sweetblue.utils.Interval m_previousDelay -> e
    com.idevicesinc.sweetblue.BleNode$ConnectionFailListener$ConnectionFailEvent m_connectionFailEvent -> f
    com.idevicesinc.sweetblue.BleNodeConfig$ReconnectFilter$Type m_type -> g
    com.idevicesinc.sweetblue.BleNode node() -> a
    com.idevicesinc.sweetblue.BleDevice device() -> b
    int failureCount() -> c
    com.idevicesinc.sweetblue.utils.Interval totalTimeReconnecting() -> d
    com.idevicesinc.sweetblue.utils.Interval previousDelay() -> e
    com.idevicesinc.sweetblue.BleNodeConfig$ReconnectFilter$Type type() -> f
    void <init>() -> <init>
    void init(com.idevicesinc.sweetblue.BleNode,java.lang.String,int,com.idevicesinc.sweetblue.utils.Interval,com.idevicesinc.sweetblue.utils.Interval,com.idevicesinc.sweetblue.BleNode$ConnectionFailListener$ConnectionFailEvent,com.idevicesinc.sweetblue.BleNodeConfig$ReconnectFilter$Type) -> a
    java.lang.String toString() -> toString
com.idevicesinc.sweetblue.BleNodeConfig$ReconnectFilter$Type -> com.idevicesinc.sweetblue.l$g$c:
    com.idevicesinc.sweetblue.BleNodeConfig$ReconnectFilter$Type SHORT_TERM__SHOULD_CONTINUE -> a
    com.idevicesinc.sweetblue.BleNodeConfig$ReconnectFilter$Type SHORT_TERM__SHOULD_TRY_AGAIN -> b
    com.idevicesinc.sweetblue.BleNodeConfig$ReconnectFilter$Type LONG_TERM__SHOULD_CONTINUE -> c
    com.idevicesinc.sweetblue.BleNodeConfig$ReconnectFilter$Type LONG_TERM__SHOULD_TRY_AGAIN -> d
    com.idevicesinc.sweetblue.BleNodeConfig$ReconnectFilter$Type[] $VALUES -> e
    com.idevicesinc.sweetblue.BleNodeConfig$ReconnectFilter$Type[] values() -> values
    com.idevicesinc.sweetblue.BleNodeConfig$ReconnectFilter$Type valueOf(java.lang.String) -> valueOf
    void <init>(java.lang.String,int) -> <init>
    boolean isShouldTryAgain() -> a
    boolean isShouldContinue() -> b
    boolean isShortTerm() -> c
    void <clinit>() -> <clinit>
com.idevicesinc.sweetblue.BleNodeConfig$TaskTimeoutRequestFilter -> com.idevicesinc.sweetblue.l$h:
    com.idevicesinc.sweetblue.BleNodeConfig$TaskTimeoutRequestFilter$Please onEvent(com.idevicesinc.sweetblue.BleNodeConfig$TaskTimeoutRequestFilter$TaskTimeoutRequestEvent) -> a
com.idevicesinc.sweetblue.BleNodeConfig$TaskTimeoutRequestFilter$Please -> com.idevicesinc.sweetblue.l$h$a:
    com.idevicesinc.sweetblue.utils.Interval m_interval -> a
    void <init>(com.idevicesinc.sweetblue.utils.Interval) -> <init>
    com.idevicesinc.sweetblue.BleNodeConfig$TaskTimeoutRequestFilter$Please setTimeoutFor(com.idevicesinc.sweetblue.utils.Interval) -> a
    com.idevicesinc.sweetblue.utils.Interval access$000(com.idevicesinc.sweetblue.BleNodeConfig$TaskTimeoutRequestFilter$Please) -> a
com.idevicesinc.sweetblue.BleNodeConfig$TaskTimeoutRequestFilter$TaskTimeoutRequestEvent -> com.idevicesinc.sweetblue.l$h$b:
    com.idevicesinc.sweetblue.BleDevice m_device -> a
    com.idevicesinc.sweetblue.BleServer m_server -> b
    com.idevicesinc.sweetblue.BleManager m_manager -> c
    com.idevicesinc.sweetblue.BleTask m_task -> d
    java.util.UUID m_charUuid -> e
    java.util.UUID m_descUuid -> f
    void <init>() -> <init>
    com.idevicesinc.sweetblue.BleDevice device() -> a
    com.idevicesinc.sweetblue.BleServer server() -> b
    com.idevicesinc.sweetblue.BleManager manager() -> c
    com.idevicesinc.sweetblue.BleTask task() -> d
    java.util.UUID charUuid() -> e
    void init(com.idevicesinc.sweetblue.BleManager,com.idevicesinc.sweetblue.BleDevice,com.idevicesinc.sweetblue.BleServer,com.idevicesinc.sweetblue.BleTask,java.util.UUID,java.util.UUID) -> a
    java.lang.String toString() -> toString