app/src/main/lib/sweetblue/samples/simple_ota/android_studio/app/build/outputs/mapping/release/usage.txt
com.idevicesinc.sweetblue.simple_ota.BuildConfig
com.idevicesinc.sweetblue.simple_ota.R
com.idevicesinc.sweetblue.simple_ota.R$attr
com.idevicesinc.sweetblue.simple_ota.R$dimen
com.idevicesinc.sweetblue.simple_ota.R$drawable
com.idevicesinc.sweetblue.simple_ota.R$id
com.idevicesinc.sweetblue.simple_ota.R$menu
com.idevicesinc.sweetblue.simple_ota.R$string
com.idevicesinc.sweetblue.simple_ota.R$style
...
com.idevicesinc.sweetblue.P_DeviceStateTracker:
    31:31:public com.idevicesinc.sweetblue.DeviceStateListener getListener()
com.idevicesinc.sweetblue.P_DiskOptionsManager:
    private static final int ACCESS_MODE
    167:181:void clear()
    185:188:void clearName(java.lang.String)
    192:202:private void clearNamespace(java.lang.String,com.idevicesinc.sweetblue.P_DiskOptionsManager$E_Namespace)
    206:212:void clear(java.lang.String)
    216:228:java.util.Iterator getPreviouslyConnectedDevices()
com.idevicesinc.sweetblue.P_GattLayer:
    public abstract boolean beginReliableWrite()
    public abstract void abortReliableWrite(android.bluetooth.BluetoothDevice)
    public abstract com.idevicesinc.sweetblue.BleDevice getBleDevice()
com.idevicesinc.sweetblue.P_HistoricalDataManager:
    45:46:void setListener(com.idevicesinc.sweetblue.BleNode$HistoricalDataLoadListener)
    56:61:private com.idevicesinc.sweetblue.backend.historical.Backend_HistoricalDataList getList_doNotCreate(java.util.UUID)
    67:86:private com.idevicesinc.sweetblue.backend.historical.Backend_HistoricalDataList getList_onlyCreateIfDataIsOnDisk(java.util.UUID)
    132:152:public void add_single(java.util.UUID,com.idevicesinc.sweetblue.utils.HistoricalData,com.idevicesinc.sweetblue.BleNodeConfig$HistoricalDataLogFilter$Source)
    157:166:public void add_multiple(java.util.UUID,java.util.Iterator)
    171:180:public void add_multiple(java.util.UUID,com.idevicesinc.sweetblue.utils.ForEach_Returning)
    185:193:public com.idevicesinc.sweetblue.utils.HistoricalData getWithOffset(java.util.UUID,com.idevicesinc.sweetblue.utils.EpochTimeRange,int)
    200:220:public void delete(java.util.UUID,com.idevicesinc.sweetblue.utils.EpochTimeRange,long,boolean)
    225:228:public void clearEverything()
    233:270:public void delete_all(com.idevicesinc.sweetblue.utils.EpochTimeRange,long,boolean)
    275:283:public java.util.Iterator getIterator(java.util.UUID,com.idevicesinc.sweetblue.utils.EpochTimeRange)
    290:298:public boolean doForEach(java.util.UUID,com.idevicesinc.sweetblue.utils.EpochTimeRange,java.lang.Object)
    305:307:public int getCount(java.util.UUID,com.idevicesinc.sweetblue.utils.EpochTimeRange)
com.idevicesinc.sweetblue.P_HistoricalDataManager$1
com.idevicesinc.sweetblue.P_HistoricalDataManager$1$1
com.idevicesinc.sweetblue.P_HistoricalDataManager_PreviousUuids:
    private static final int ACCESS_MODE
    private static final java.lang.String NAMESPACE
    47:55:public void clearUuid(java.util.UUID)
    59:64:public void clearAll()
    68:73:public int getCount()
    78:83:public java.util.Iterator getUuids()
com.idevicesinc.sweetblue.P_Logger:
    private static final java.lang.String MAIN
    private static final java.lang.String UPDATE
    73:76:public synchronized java.lang.String getDebugAction(java.lang.String)
    187:188:public void d(java.lang.String,java.lang.String)
    192:193:public void i(java.lang.String,java.lang.String)
    197:198:public void v(java.lang.String,java.lang.String)
    202:203:public void e(java.lang.String,java.lang.String)
    223:224:public void v(java.lang.String)
com.idevicesinc.sweetblue.P_NativeBleStateTracker:
    20:21:public void setListener(com.idevicesinc.sweetblue.BleManager$NativeStateListener)
com.idevicesinc.sweetblue.P_NativeDeviceLayer:
    public abstract com.idevicesinc.sweetblue.BleDevice getBleDevice()
com.idevicesinc.sweetblue.P_NativeDeviceLayer$1:
    94:94:public com.idevicesinc.sweetblue.BleDevice getBleDevice()